Command line:
   tb_RegisterFile_isim_beh.exe
     -simmode  gui
     -simrunnum  0
     -socket  59536

Wed Oct 19 14:31:32 2016


 Elaboration Time: 0.125 sec

 Current Memory Usage: 842.224 Meg

 Total Signals          : 15
 Total Nets             : 1395
 Total Signal Drivers   : 7
 Total Blocks           : 5
 Total Primitive Blocks : 4
 Total Processes        : 2
 Total Traceable Variables  : 10
 Total Scalar Nets and Variables : 1773
Total Line Count : 23

 Total Simulation Time: 0.234375 sec

 Current Memory Usage: 684.937 Meg

Wed Oct 19 14:32:43 2016

