Command line:
   tb_Primero_isim_beh.exe
     -simmode  gui
     -simrunnum  0
     -socket  56522

Thu Oct 13 18:01:55 2016


 Elaboration Time: 0.0312 sec

 Current Memory Usage: 671.347 Meg

 Total Signals          : 58
 Total Nets             : 3525
 Total Signal Drivers   : 17
 Total Blocks           : 15
 Total Primitive Blocks : 13
 Total Processes        : 15
 Total Traceable Variables  : 11
 Total Scalar Nets and Variables : 3904
Total Line Count : 57

 Total Simulation Time: 0.0936 sec

 Current Memory Usage: 671.347 Meg

Thu Oct 13 18:15:17 2016

