Command line:
   tb_PC_isim_beh.exe
     -simmode  gui
     -simrunnum  0
     -socket  60355

Fri Sep 30 17:32:26 2016


 Elaboration Time: 0.0625 sec

 Current Memory Usage: 845.435 Meg

 Total Signals          : 9
 Total Nets             : 98
 Total Signal Drivers   : 5
 Total Blocks           : 5
 Total Primitive Blocks : 4
 Total Processes        : 3
 Total Traceable Variables  : 11
 Total Scalar Nets and Variables : 477
Total Line Count : 15

 Total Simulation Time: 0.078125 sec

 Current Memory Usage: 845.435 Meg

Fri Sep 30 17:32:44 2016

