Command line:
   tb_SEU_isim_beh.exe
     -simmode  gui
     -simrunnum  0
     -socket  63416

Tue Oct 04 23:20:55 2016


 Elaboration Time: 0.0625 sec

 Current Memory Usage: 841.74 Meg

 Total Signals          : 4
 Total Nets             : 45
 Total Signal Drivers   : 2
 Total Blocks           : 5
 Total Primitive Blocks : 4
 Total Processes        : 2
 Total Traceable Variables  : 10
 Total Scalar Nets and Variables : 423
Total Line Count : 7

 Total Simulation Time: 0.09375 sec

 Current Memory Usage: 841.74 Meg

Tue Oct 04 23:21:17 2016

