Running: C:\Xilinx\14.7\ISE_DS\ISE\bin\nt64\unwrapped\fuse.exe -intstyle ise -incremental -o C:/Users/utp.CRIE/Desktop/Arquitectura/Procesadores/Primero/tb_Primero_isim_beh.exe -prj C:/Users/utp.CRIE/Desktop/Arquitectura/Procesadores/Primero/tb_Primero_beh.prj work.tb_Primero 
ISim P.20131013 (signature 0x7708f090)
Number of CPUs detected in this system: 8
Turning on mult-threading, number of parallel sub-compilation jobs: 16 
Determining compilation order of HDL files
Parsing VHDL file "C:/Users/utp.CRIE/Desktop/Arquitectura/Procesadores/Primero/../../Componentes/UC/UC.vhd" into library work
Parsing VHDL file "C:/Users/utp.CRIE/Desktop/Arquitectura/Procesadores/Primero/../../Componentes/Sumador/Sumador.vhd" into library work
Parsing VHDL file "C:/Users/utp.CRIE/Desktop/Arquitectura/Procesadores/Primero/../../Componentes/SEU/SEU.vhd" into library work
Parsing VHDL file "C:/Users/utp.CRIE/Desktop/Arquitectura/Procesadores/Primero/../../Componentes/RegisterFile/RegisterFile.vhd" into library work
Parsing VHDL file "C:/Users/utp.CRIE/Desktop/Arquitectura/Procesadores/Primero/../../Componentes/PC/PC.vhd" into library work
Parsing VHDL file "C:/Users/utp.CRIE/Desktop/Arquitectura/Procesadores/Primero/../../Componentes/MUX/MUX.vhd" into library work
Parsing VHDL file "C:/Users/utp.CRIE/Desktop/Arquitectura/Procesadores/Primero/../../Componentes/IM/IM.vhd" into library work
Parsing VHDL file "C:/Users/utp.CRIE/Desktop/Arquitectura/Procesadores/Primero/../../Componentes/ALU/ALU.vhd" into library work
Parsing VHDL file "C:/Users/utp.CRIE/Desktop/Arquitectura/Procesadores/Primero/Primero.vhd" into library work
Parsing VHDL file "C:/Users/utp.CRIE/Desktop/Arquitectura/Procesadores/Primero/tb_Primero.vhd" into library work
Starting static elaboration
Completed static elaboration
Compiling package standard
Compiling package std_logic_1164
Compiling package std_logic_arith
Compiling package std_logic_unsigned
Compiling package textio
Compiling architecture behavioral of entity PC [pc_default]
Compiling architecture arq_sumador of entity Sumador [sumador_default]
Compiling architecture behavioral of entity IM [im_default]
Compiling architecture behavioral of entity UC [uc_default]
Compiling architecture behavioral of entity RegisterFile [registerfile_default]
Compiling architecture behavioral of entity SEU [seu_default]
Compiling architecture behavioral of entity MUX [mux_default]
Compiling architecture behavioral of entity ALU [alu_default]
Compiling architecture behavioral of entity Primero [primero_default]
Compiling architecture behavior of entity tb_primero
Time Resolution for simulation is 1ps.
Waiting for 1 sub-compilation(s) to finish...
Compiled 24 VHDL Units
Built simulation executable C:/Users/utp.CRIE/Desktop/Arquitectura/Procesadores/Primero/tb_Primero_isim_beh.exe
Fuse Memory Usage: 34892 KB
Fuse CPU Usage: 452 ms
