Command line:
   tb_Win_Man_isim_beh.exe
     -simmode  gui
     -simrunnum  0
     -socket  55287

Wed Oct 26 14:36:03 2016


 Elaboration Time: 0.0625 sec

 Current Memory Usage: 845.394 Meg

 Total Signals          : 24
 Total Nets             : 47
 Total Signal Drivers   : 14
 Total Blocks           : 5
 Total Primitive Blocks : 4
 Total Processes        : 6
 Total Traceable Variables  : 10
 Total Scalar Nets and Variables : 425
Total Line Count : 31

 Total Simulation Time: 0.109375 sec

 Current Memory Usage: 688.108 Meg

Wed Oct 26 14:37:40 2016

