Command line:
   tb_MUX_isim_beh.exe
     -simmode  gui
     -simrunnum  0
     -socket  49266

Tue Oct 04 16:44:47 2016


 Elaboration Time: 0.249601 sec

 Current Memory Usage: 663.405 Meg

 Total Signals          : 8
 Total Nets             : 97
 Total Signal Drivers   : 4
 Total Blocks           : 5
 Total Primitive Blocks : 4
 Total Processes        : 2
 Total Traceable Variables  : 10
 Total Scalar Nets and Variables : 475
Total Line Count : 7

 Total Simulation Time: 0.296401 sec

 Current Memory Usage: 977.977 Meg

Tue Oct 04 16:45:18 2016

