Command line:
   tb_IM_isim_beh.exe
     -simmode  gui
     -simrunnum  0
     -socket  64205

Wed Oct 05 14:47:27 2016


 Elaboration Time: 0.109375 sec

 Current Memory Usage: 845.885 Meg

 Total Signals          : 5
 Total Nets             : 2112
 Total Signal Drivers   : 2
 Total Blocks           : 6
 Total Primitive Blocks : 5
 Total Processes        : 2
 Total Traceable Variables  : 10
 Total Scalar Nets and Variables : 2490
Total Line Count : 9

 Total Simulation Time: 0.15625 sec

 Current Memory Usage: 1160.46 Meg

Wed Oct 05 14:48:05 2016

