Command line:
   tb_UC_isim_beh.exe
     -simmode  gui
     -simrunnum  0
     -socket  63353

Tue Oct 04 23:12:43 2016


 Elaboration Time: 0.125 sec

 Current Memory Usage: 842.121 Meg

 Total Signals          : 6
 Total Nets             : 11
 Total Signal Drivers   : 3
 Total Blocks           : 5
 Total Primitive Blocks : 4
 Total Processes        : 2
 Total Traceable Variables  : 10
 Total Scalar Nets and Variables : 389
Total Line Count : 32

 Total Simulation Time: 0.25 sec

 Current Memory Usage: 842.121 Meg

Tue Oct 04 23:13:08 2016

