Command line:
   tb_ALU_isim_beh.exe
     -simmode  gui
     -simrunnum  0
     -socket  61153

Fri Sep 30 18:27:45 2016


 Elaboration Time: 0.0625 sec

 Current Memory Usage: 845.357 Meg

 Total Signals          : 8
 Total Nets             : 99
 Total Signal Drivers   : 4
 Total Blocks           : 5
 Total Primitive Blocks : 4
 Total Processes        : 2
 Total Traceable Variables  : 10
 Total Scalar Nets and Variables : 477
Total Line Count : 28

 Total Simulation Time: 0.15625 sec

 Current Memory Usage: 688.071 Meg

Fri Sep 30 18:29:22 2016

