Command line:
   tb_SUM_isim_beh.exe
     -simmode  gui
     -simrunnum  0
     -socket  50248

Tue Oct 04 17:29:10 2016


 Elaboration Time: 0.0624 sec

 Current Memory Usage: 663.405 Meg

 Total Signals          : 6
 Total Nets             : 96
 Total Signal Drivers   : 3
 Total Blocks           : 5
 Total Primitive Blocks : 4
 Total Processes        : 2
 Total Traceable Variables  : 10
 Total Scalar Nets and Variables : 474
Total Line Count : 10

 Total Simulation Time: 0.0624 sec

 Current Memory Usage: 977.977 Meg

Tue Oct 04 17:29:47 2016

