Running: C:\Xilinx\14.7\ISE_DS\ISE\bin\nt64\unwrapped\fuse.exe -intstyle ise -incremental -o C:/Users/JArango/Desktop/Arquitectura/SUM/tb_SUM_isim_beh.exe -prj C:/Users/JArango/Desktop/Arquitectura/SUM/tb_SUM_beh.prj work.tb_SUM 
ISim P.20131013 (signature 0x7708f090)
Number of CPUs detected in this system: 2
Turning on mult-threading, number of parallel sub-compilation jobs: 4 
Determining compilation order of HDL files
Parsing VHDL file "C:/Users/JArango/Desktop/Arquitectura/SUM/SUM.vhd" into library work
Parsing VHDL file "C:/Users/JArango/Desktop/Arquitectura/SUM/tb_SUM.vhd" into library work
Starting static elaboration
Completed static elaboration
Compiling package standard
Compiling package std_logic_1164
Compiling package std_logic_arith
Compiling package std_logic_unsigned
Compiling architecture behavioral of entity SUM [sum_default]
Compiling architecture behavior of entity tb_sum
Time Resolution for simulation is 1ps.
Waiting for 2 sub-compilation(s) to finish...
Compiled 7 VHDL Units
Built simulation executable C:/Users/JArango/Desktop/Arquitectura/SUM/tb_SUM_isim_beh.exe
Fuse Memory Usage: 32148 KB
Fuse CPU Usage: 920 ms
