Running: C:\Xilinx\14.7\ISE_DS\ISE\bin\nt64\unwrapped\fuse.exe -intstyle ise -incremental -o D:/Arquitectura/Componentes/SEU/tb_SEU_isim_beh.exe -prj D:/Arquitectura/Componentes/SEU/tb_SEU_beh.prj work.tb_SEU 
ISim P.20131013 (signature 0x7708f090)
Number of CPUs detected in this system: 4
Turning on mult-threading, number of parallel sub-compilation jobs: 8 
Determining compilation order of HDL files
Parsing VHDL file "D:/Arquitectura/Componentes/SEU/SEU.vhd" into library work
Parsing VHDL file "D:/Arquitectura/Componentes/SEU/tb_SEU.vhd" into library work
Starting static elaboration
Completed static elaboration
Compiling package standard
Compiling package std_logic_1164
Compiling package std_logic_arith
Compiling package std_logic_unsigned
Compiling architecture behavioral of entity SEU [seu_default]
Compiling architecture behavior of entity tb_seu
Time Resolution for simulation is 1ps.
Waiting for 1 sub-compilation(s) to finish...
Compiled 7 VHDL Units
Built simulation executable D:/Arquitectura/Componentes/SEU/tb_SEU_isim_beh.exe
Fuse Memory Usage: 33748 KB
Fuse CPU Usage: 671 ms
