Command line:
   tb_RegisterFile_isim_beh.exe
     -simmode  gui
     -simrunnum  0
     -socket  64545

Thu Oct 13 17:02:50 2016


 Elaboration Time: 0.0312 sec

 Current Memory Usage: 667.144 Meg

 Total Signals          : 17
 Total Nets             : 1137
 Total Signal Drivers   : 8
 Total Blocks           : 5
 Total Primitive Blocks : 4
 Total Processes        : 3
 Total Traceable Variables  : 11
 Total Scalar Nets and Variables : 1516
Total Line Count : 25

 Total Simulation Time: 0.156 sec

 Current Memory Usage: 981.717 Meg

Thu Oct 13 17:04:07 2016

