Command line:
   PC_isim_beh.exe
     -simmode  gui
     -simrunnum  0
     -socket  63395

Tue Oct 04 23:16:55 2016


 Elaboration Time: 0.046875 sec

 Current Memory Usage: 842.154 Meg

 Total Signals          : 4
 Total Nets             : 66
 Total Signal Drivers   : 1
 Total Blocks           : 4
 Total Primitive Blocks : 4
 Total Processes        : 1
 Total Traceable Variables  : 10
 Total Scalar Nets and Variables : 444
Total Line Count : 3

 Total Simulation Time: 0.046875 sec

 Current Memory Usage: 842.154 Meg

Tue Oct 04 23:17:00 2016

