Command line:
   tb_PC_isim_beh.exe
     -simmode  gui
     -simrunnum  0
     -socket  63408

Tue Oct 04 23:17:35 2016


 Elaboration Time: 0.0625 sec

 Current Memory Usage: 842.195 Meg

 Total Signals          : 8
 Total Nets             : 66
 Total Signal Drivers   : 4
 Total Blocks           : 5
 Total Primitive Blocks : 4
 Total Processes        : 3
 Total Traceable Variables  : 11
 Total Scalar Nets and Variables : 445
Total Line Count : 13

 Total Simulation Time: 0.078125 sec

 Current Memory Usage: 842.195 Meg

Tue Oct 04 23:17:49 2016

