Command line:
   ALU_isim_beh.exe
     -simmode  gui
     -simrunnum  0
     -socket  64653

Thu Oct 06 11:49:02 2016


 Elaboration Time: 0.078125 sec

 Current Memory Usage: 842.195 Meg

 Total Signals          : 4
 Total Nets             : 99
 Total Signal Drivers   : 1
 Total Blocks           : 4
 Total Primitive Blocks : 4
 Total Processes        : 1
 Total Traceable Variables  : 10
 Total Scalar Nets and Variables : 477
Total Line Count : 10

 Total Simulation Time: 0.078125 sec

 Current Memory Usage: 842.195 Meg

Thu Oct 06 11:49:19 2016

