Command line:
   tb_MUXF_isim_beh.exe
     -simmode  gui
     -simrunnum  0
     -socket  50127

Wed Nov 09 20:30:14 2016


 Elaboration Time: 0.03125 sec

 Current Memory Usage: 842.166 Meg

 Total Signals          : 12
 Total Nets             : 162
 Total Signal Drivers   : 6
 Total Blocks           : 5
 Total Primitive Blocks : 4
 Total Processes        : 2
 Total Traceable Variables  : 10
 Total Scalar Nets and Variables : 540
Total Line Count : 18

 Total Simulation Time: 0.046875 sec

 Current Memory Usage: 842.166 Meg

Wed Nov 09 20:30:32 2016

