Command line:
   tb_Sumador_isim_beh.exe
     -simmode  gui
     -simrunnum  1
     -socket  60027

Fri Sep 30 17:12:10 2016


 Elaboration Time: 0.0625 sec

 Current Memory Usage: 845.349 Meg

 Total Signals          : 6
 Total Nets             : 67
 Total Signal Drivers   : 3
 Total Blocks           : 5
 Total Primitive Blocks : 4
 Total Processes        : 2
 Total Traceable Variables  : 10
 Total Scalar Nets and Variables : 445
Total Line Count : 6

 Total Simulation Time: 0.09375 sec

 Current Memory Usage: 688.062 Meg

Fri Sep 30 17:15:24 2016

