Running: C:\Xilinx\14.7\ISE_DS\ISE\bin\nt64\unwrapped\fuse.exe -intstyle ise -incremental -o C:/Users/Vera96/Desktop/Procesador/Componentes/MUX4/tb_MUXF_isim_beh.exe -prj C:/Users/Vera96/Desktop/Procesador/Componentes/MUX4/tb_MUXF_beh.prj work.tb_MUXF 
ISim P.20131013 (signature 0x7708f090)
Number of CPUs detected in this system: 4
Turning on mult-threading, number of parallel sub-compilation jobs: 8 
Determining compilation order of HDL files
Parsing VHDL file "C:/Users/Vera96/Desktop/Procesador/Componentes/MUX4/MUXF.vhd" into library work
Parsing VHDL file "C:/Users/Vera96/Desktop/Procesador/Componentes/MUX4/tb_MUXF.vhd" into library work
Starting static elaboration
Completed static elaboration
Compiling package standard
Compiling package std_logic_1164
Compiling package std_logic_arith
Compiling package std_logic_unsigned
Compiling architecture behavioral of entity MUXF [muxf_default]
Compiling architecture behavior of entity tb_muxf
Time Resolution for simulation is 1ps.
Waiting for 1 sub-compilation(s) to finish...
Compiled 7 VHDL Units
Built simulation executable C:/Users/Vera96/Desktop/Procesador/Componentes/MUX4/tb_MUXF_isim_beh.exe
Fuse Memory Usage: 33052 KB
Fuse CPU Usage: 640 ms
